<?xml version="1.0" encoding="UTF-8" ?>
<testsuite tests="3" failures="0" name="aop.TestAOPSchemaAdvice" time="0.302" errors="0" skipped="0">
  <properties>
    <property name="java.runtime.name" value="Java(TM) SE Runtime Environment"/>
    <property name="sun.boot.library.path" value="E:\Java\java_8\jdk\jre\bin"/>
    <property name="java.vm.version" value="25.91-b15"/>
    <property name="java.vm.vendor" value="Oracle Corporation"/>
    <property name="maven.multiModuleProjectDirectory" value="F:\JAVA_WorkSpace\Spring"/>
    <property name="java.vendor.url" value="http://java.oracle.com/"/>
    <property name="path.separator" value=";"/>
    <property name="guice.disable.misplaced.annotation.check" value="true"/>
    <property name="java.vm.name" value="Java HotSpot(TM) 64-Bit Server VM"/>
    <property name="file.encoding.pkg" value="sun.io"/>
    <property name="user.script" value=""/>
    <property name="user.country" value="CN"/>
    <property name="sun.java.launcher" value="SUN_STANDARD"/>
    <property name="sun.os.patch.level" value=""/>
    <property name="java.vm.specification.name" value="Java Virtual Machine Specification"/>
    <property name="user.dir" value="F:\JAVA_WorkSpace\Spring"/>
    <property name="java.runtime.version" value="1.8.0_91-b15"/>
    <property name="java.awt.graphicsenv" value="sun.awt.Win32GraphicsEnvironment"/>
    <property name="java.endorsed.dirs" value="E:\Java\java_8\jdk\jre\lib\endorsed"/>
    <property name="os.arch" value="amd64"/>
    <property name="java.io.tmpdir" value="C:\Users\14345\AppData\Local\Temp\"/>
    <property name="line.separator" value="
"/>
    <property name="java.vm.specification.vendor" value="Oracle Corporation"/>
    <property name="user.variant" value=""/>
    <property name="os.name" value="Windows 10"/>
    <property name="classworlds.conf" value="F:\JAVA_WorkSpace\.metadata\.plugins\org.eclipse.m2e.launching\launches\m2conf5828486008505463101.tmp"/>
    <property name="sun.jnu.encoding" value="GBK"/>
    <property name="java.library.path" value="E:\Java\java_8\jdk\bin;C:\Windows\Sun\Java\bin;C:\Windows\system32;C:\Windows;E:/Java/java_8/jdk/bin/../jre/bin/server;E:/Java/java_8/jdk/bin/../jre/bin;E:/Java/java_8/jdk/bin/../jre/lib/amd64;E:\Python\Scripts\;E:\Python\;E:\Java\java_8\jdk\bin;E:\Java\java_8\jdk\jre\bin;E:\Oracle\product\11.2.0\dbhome_1\bin;C:\ProgramData\Oracle\Java\javapath;%COSMOSM%;C:\Program Files (x86)\NVIDIA Corporation\PhysX\Common;C:\Windows\system32;C:\Windows;C:\Windows\System32\Wbem;C:\Windows\System32\WindowsPowerShell\v1.0\;C:\Program Files (x86)\Microsoft SQL Server\110\Tools\Binn\;C:\Program Files\Microsoft SQL Server\110\Tools\Binn\;C:\Program Files\Microsoft SQL Server\110\DTS\Binn\;E:\MySQL\MySQL Server 5.5\bin;E:\Java\some Jar\Maven\apache-maven-3.5.0\bin;E:\ORACLE\instantclient;E:\nodejs\;E:\SVN\bin;E:\Oracle\instantclient_11_2_basic;C:\Program Files\Intel\WiFi\bin\;C:\Program Files\Common Files\Intel\WirelessCommon\;E:\Git\bin;E:\Git\libexec\git-core;C:\Program Files\Git\cmd;C:\Program Files (x86)\Tesseract-OCR;E:\Tesseract-OCR;C:\Users\14345\AppData\Local\Microsoft\WindowsApps;C:\Users\14345\AppData\Roaming\npm;C:\Program Files\Intel\WiFi\bin\;C:\Program Files\Common Files\Intel\WirelessCommon\;E:\Eclipse\eclipse;;."/>
    <property name="java.specification.name" value="Java Platform API Specification"/>
    <property name="java.class.version" value="52.0"/>
    <property name="sun.management.compiler" value="HotSpot 64-Bit Tiered Compilers"/>
    <property name="os.version" value="10.0"/>
    <property name="user.home" value="C:\Users\14345"/>
    <property name="user.timezone" value="Asia/Shanghai"/>
    <property name="java.awt.printerjob" value="sun.awt.windows.WPrinterJob"/>
    <property name="java.specification.version" value="1.8"/>
    <property name="file.encoding" value="UTF-8"/>
    <property name="user.name" value="14345"/>
    <property name="java.class.path" value="E:\Eclipse\eclipse\plugins\org.eclipse.m2e.maven.runtime_1.8.2.20171007-0216\jars\plexus-classworlds-2.5.2.jar"/>
    <property name="java.vm.specification.version" value="1.8"/>
    <property name="sun.arch.data.model" value="64"/>
    <property name="java.home" value="E:\Java\java_8\jdk\jre"/>
    <property name="sun.java.command" value="org.codehaus.plexus.classworlds.launcher.Launcher -B -s E:\Java\some Jar\Maven\apache-maven-3.5.0\conf\settings.xml clean verify"/>
    <property name="java.specification.vendor" value="Oracle Corporation"/>
    <property name="user.language" value="zh"/>
    <property name="awt.toolkit" value="sun.awt.windows.WToolkit"/>
    <property name="java.vm.info" value="mixed mode"/>
    <property name="java.version" value="1.8.0_91"/>
    <property name="java.ext.dirs" value="E:\Java\java_8\jdk\jre\lib\ext;C:\Windows\Sun\Java\lib\ext"/>
    <property name="sun.boot.class.path" value="E:\Java\java_8\jdk\jre\lib\resources.jar;E:\Java\java_8\jdk\jre\lib\rt.jar;E:\Java\java_8\jdk\jre\lib\sunrsasign.jar;E:\Java\java_8\jdk\jre\lib\jsse.jar;E:\Java\java_8\jdk\jre\lib\jce.jar;E:\Java\java_8\jdk\jre\lib\charsets.jar;E:\Java\java_8\jdk\jre\lib\jfr.jar;E:\Java\java_8\jdk\jre\classes"/>
    <property name="java.vendor" value="Oracle Corporation"/>
    <property name="maven.home" value="F:\JAVA_WorkSpace\Spring\EMBEDDED"/>
    <property name="file.separator" value="\"/>
    <property name="java.vendor.url.bug" value="http://bugreport.sun.com/bugreport/"/>
    <property name="sun.cpu.endian" value="little"/>
    <property name="sun.io.unicode.encoding" value="UnicodeLittle"/>
    <property name="sun.desktop" value="windows"/>
    <property name="sun.cpu.isalist" value="amd64"/>
  </properties>
  <testcase classname="aop.TestAOPSchemaAdvice" name="testBiz" time="0.157"/>
  <testcase classname="aop.TestAOPSchemaAdvice" name="testInit" time="0.078"/>
  <testcase classname="aop.TestAOPSchemaAdvice" name="testFit" time="0.067"/>
</testsuite>